app/build/outputs/logs/manifest-merger-debug-report.txt
-- Merging decision tree log ---
provider#android.support.v4.content.FileProvider
INJECTED from src\main\AndroidManifest.xml:567:9-577:20
	android:grantUriPermissions
		ADDED from src\main\AndroidManifest.xml:571:13-47
	android:authorities
		INJECTED from src\main\AndroidManifest.xml
		ADDED from src\main\AndroidManifest.xml:569:13-65
	android:exported
		ADDED from src\main\AndroidManifest.xml:570:13-37
	android:name
		ADDED from src\main\AndroidManifest.xml:568:13-67
manifest
ADDED from src\main\AndroidManifest.xml:2:1-842:12
INJECTED from src\main\AndroidManifest.xml:2:1-842:12
INJECTED from src\main\AndroidManifest.xml:2:1-842:12
INJECTED from src\main\AndroidManifest.xml:2:1-842:12
MERGED from [com.aliyun.dpa:oss-android-sdk:2.4.4] AndroidManifest.xml:2:1-22:12
MERGED from [com.yalantis:ucrop:2.2.0] AndroidManifest.xml:2:1-12:12
MERGED from [com.android.support:multidex:1.0.2] AndroidManifest.xml:17:1-22:12
MERGED from [com.paypal.sdk:paypal-android-sdk:2.15.1] AndroidManifest.xml:2:1-28:12
MERGED from [com.youth.banner:banner:1.4.9] AndroidManifest.xml:2:1-11:12
MERGED from [com.lai.weavey:loadinglayout:1.3.1] AndroidManifest.xml:2:1-17:12
MERGED from [com.bilibili:boxing-impl:1.0.2] AndroidManifest.xml:18:1-46:12
MERGED from [com.bilibili:boxing:1.0.2] AndroidManifest.xml:18:1-28:12
MERGED from [com.github.crossoverone:StatusBarUtil:1.3.2] AndroidManifest.xml:2:1-14:12
MERGED from [pub.devrel:easypermissions:2.0.0] AndroidManifest.xml:2:1-19:12
MERGED from [com.android.support:design:28.0.0] AndroidManifest.xml:17:1-24:12
MERGED from [com.android.support:appcompat-v7:28.0.0] AndroidManifest.xml:17:1-22:12
MERGED from [com.github.castorflex.verticalviewpager:library:19.0.1] AndroidManifest.xml:2:1-5:12
MERGED from [com.android.support:support-v4:28.0.0] AndroidManifest.xml:17:1-22:12
MERGED from [com.android.support:recyclerview-v7:28.0.0] AndroidManifest.xml:17:1-22:12
MERGED from [com.jakewharton:butterknife:8.8.1] AndroidManifest.xml:2:1-7:12
MERGED from [com.android.support:support-fragment:28.0.0] AndroidManifest.xml:17:1-22:12
MERGED from [com.android.support:animated-vector-drawable:28.0.0] AndroidManifest.xml:17:1-22:12
MERGED from [com.android.support:support-core-ui:28.0.0] AndroidManifest.xml:17:1-22:12
MERGED from [com.android.support:support-core-utils:28.0.0] AndroidManifest.xml:17:1-22:12
MERGED from [com.android.support:loader:28.0.0] AndroidManifest.xml:17:1-22:12
MERGED from [android.arch.lifecycle:viewmodel:1.1.1] AndroidManifest.xml:17:1-22:12
MERGED from [com.android.support:viewpager:28.0.0] AndroidManifest.xml:17:1-22:12
MERGED from [com.android.support:coordinatorlayout:28.0.0] AndroidManifest.xml:17:1-22:12
MERGED from [com.android.support:drawerlayout:28.0.0] AndroidManifest.xml:17:1-22:12
MERGED from [com.android.support:slidingpanelayout:28.0.0] AndroidManifest.xml:17:1-22:12
MERGED from [com.android.support:customview:28.0.0] AndroidManifest.xml:17:1-22:12
MERGED from [com.android.support:swiperefreshlayout:28.0.0] AndroidManifest.xml:17:1-22:12
MERGED from [com.android.support:interpolator:28.0.0] AndroidManifest.xml:17:1-22:12
MERGED from [com.android.support:asynclayoutinflater:28.0.0] AndroidManifest.xml:17:1-22:12
MERGED from [com.android.support:cursoradapter:28.0.0] AndroidManifest.xml:17:1-22:12
MERGED from [com.android.support:documentfile:28.0.0] AndroidManifest.xml:17:1-22:12
MERGED from [com.android.support:localbroadcastmanager:28.0.0] AndroidManifest.xml:17:1-22:12
MERGED from [com.android.support:print:28.0.0] AndroidManifest.xml:17:1-22:12
MERGED from [android.arch.lifecycle:livedata:1.1.1] AndroidManifest.xml:17:1-22:12
MERGED from [android.arch.lifecycle:livedata-core:1.1.1] AndroidManifest.xml:17:1-22:12
MERGED from [android.arch.core:runtime:1.1.1] AndroidManifest.xml:17:1-22:12
MERGED from [com.android.support:support-media-compat:28.0.0] AndroidManifest.xml:17:1-22:12
MERGED from [com.android.support:support-vector-drawable:28.0.0] AndroidManifest.xml:17:1-22:12
MERGED from [com.android.support:transition:28.0.0] AndroidManifest.xml:17:1-22:12
MERGED from [com.android.support:support-compat:28.0.0] AndroidManifest.xml:17:1-24:12
MERGED from [android.arch.lifecycle:runtime:1.1.1] AndroidManifest.xml:17:1-22:12
MERGED from [com.android.support:versionedparcelable:28.0.0] AndroidManifest.xml:17:1-25:12
MERGED from [com.android.support:cardview-v7:28.0.0] AndroidManifest.xml:17:1-22:12
MERGED from [com.android.support.constraint:constraint-layout:1.0.2] AndroidManifest.xml:2:1-11:12
MERGED from [:aliyunVodPlayer:] AndroidManifest.xml:2:1-14:12
MERGED from [:aliyunVodPlayerView:] AndroidManifest.xml:2:1-11:12
MERGED from [:alivcPlayer:] AndroidManifest.xml:2:1-14:12
MERGED from [:xjgarsdklibrary:] AndroidManifest.xml:2:1-59:12
MERGED from [com.liulishuo.filedownloader:library:1.4.1] AndroidManifest.xml:2:1-18:12
MERGED from [com.github.dkzwm.SmoothRefreshLayout:core:1.6.2] AndroidManifest.xml:2:1-12:12
MERGED from [com.github.dkzwm.SmoothRefreshLayout:ext-classic:1.6.2] AndroidManifest.xml:2:1-12:12
MERGED from [com.github.dkzwm.SmoothRefreshLayout:ext-material:1.6.2] AndroidManifest.xml:2:1-12:12
MERGED from [com.github.dkzwm.SmoothRefreshLayout:ext-utils:1.6.2] AndroidManifest.xml:2:1-12:12
MERGED from [com.github.dkzwm.SmoothRefreshLayout:ext-two-level:1.6.2] AndroidManifest.xml:2:1-12:12
MERGED from [com.github.dkzwm.SmoothRefreshLayout:ext-horizontal:1.6.2] AndroidManifest.xml:2:1-14:12
MERGED from [jp.wasabeef:glide-transformations:2.0.1] AndroidManifest.xml:2:1-12:12
MERGED from [pl.droidsonroids.gif:android-gif-drawable:1.2.1] AndroidManifest.xml:2:1-11:12
MERGED from [com.wang.avi:library:2.1.3] AndroidManifest.xml:2:1-11:12
MERGED from [com.github.CymChad:BaseRecyclerViewAdapterHelper:2.9.34] AndroidManifest.xml:2:1-11:12
MERGED from [io.card:android-sdk:5.4.2] AndroidManifest.xml:2:1-26:12
MERGED from [com.chensl.rotatephotoview:rotatephotoview:1.0.5] AndroidManifest.xml:2:1-12:12
INJECTED from src\main\AndroidManifest.xml:2:1-842:12
INJECTED from src\main\AndroidManifest.xml:2:1-842:12
INJECTED from src\main\AndroidManifest.xml:2:1-842:12
	package
		ADDED from src\main\AndroidManifest.xml:4:5-35
		INJECTED from src\main\AndroidManifest.xml
		INJECTED from src\main\AndroidManifest.xml
	android:versionName
		INJECTED from src\main\AndroidManifest.xml
		ADDED from src\main\AndroidManifest.xml:2:1-842:12
		INJECTED from src\main\AndroidManifest.xml
	xmlns:tools
		ADDED from src\main\AndroidManifest.xml:3:5-51
	android:versionCode
		INJECTED from src\main\AndroidManifest.xml
		ADDED from src\main\AndroidManifest.xml:2:1-842:12
		INJECTED from src\main\AndroidManifest.xml
	xmlns:android
		ADDED from src\main\AndroidManifest.xml:2:11-69
permission#com.net.yuesejiaoyou.redirect.ResolverD.interface4.permission.JPUSH_MESSAGE
ADDED from src\main\AndroidManifest.xml:8:5-10:47
	android:protectionLevel
		ADDED from src\main\AndroidManifest.xml:10:9-44
	android:name
		ADDED from src\main\AndroidManifest.xml:9:9-99
uses-permission#android.permission.REORDER_TASKS
ADDED from src\main\AndroidManifest.xml:12:5-72
	android:name
		ADDED from src\main\AndroidManifest.xml:12:22-69
application
ADDED from src\main\AndroidManifest.xml:16:5-761:19
MERGED from [com.aliyun.dpa:oss-android-sdk:2.4.4] AndroidManifest.xml:17:5-20:19
MERGED from [com.aliyun.dpa:oss-android-sdk:2.4.4] AndroidManifest.xml:17:5-20:19
MERGED from [com.paypal.sdk:paypal-android-sdk:2.15.1] AndroidManifest.xml:12:5-26:19
MERGED from [com.paypal.sdk:paypal-android-sdk:2.15.1] AndroidManifest.xml:12:5-26:19
MERGED from [com.lai.weavey:loadinglayout:1.3.1] AndroidManifest.xml:11:5-15:19
MERGED from [com.lai.weavey:loadinglayout:1.3.1] AndroidManifest.xml:11:5-15:19
MERGED from [com.bilibili:boxing-impl:1.0.2] AndroidManifest.xml:27:5-44:19
MERGED from [com.bilibili:boxing-impl:1.0.2] AndroidManifest.xml:27:5-44:19
MERGED from [com.github.crossoverone:StatusBarUtil:1.3.2] AndroidManifest.xml:11:5-12:19
MERGED from [com.github.crossoverone:StatusBarUtil:1.3.2] AndroidManifest.xml:11:5-12:19
MERGED from [pub.devrel:easypermissions:2.0.0] AndroidManifest.xml:11:5-17:19
MERGED from [pub.devrel:easypermissions:2.0.0] AndroidManifest.xml:11:5-17:19
MERGED from [com.android.support:design:28.0.0] AndroidManifest.xml:22:5-20
MERGED from [com.android.support:design:28.0.0] AndroidManifest.xml:22:5-20
MERGED from [com.android.support:support-compat:28.0.0] AndroidManifest.xml:22:5-94
MERGED from [com.android.support:support-compat:28.0.0] AndroidManifest.xml:22:5-94
MERGED from [com.android.support:versionedparcelable:28.0.0] AndroidManifest.xml:22:5-23:19
MERGED from [com.android.support:versionedparcelable:28.0.0] AndroidManifest.xml:22:5-23:19
MERGED from [com.android.support.constraint:constraint-layout:1.0.2] AndroidManifest.xml:9:5-20
MERGED from [com.android.support.constraint:constraint-layout:1.0.2] AndroidManifest.xml:9:5-20
MERGED from [:xjgarsdklibrary:] AndroidManifest.xml:31:5-57:19
MERGED from [:xjgarsdklibrary:] AndroidManifest.xml:31:5-57:19
MERGED from [com.liulishuo.filedownloader:library:1.4.1] AndroidManifest.xml:11:5-16:19
MERGED from [com.liulishuo.filedownloader:library:1.4.1] AndroidManifest.xml:11:5-16:19
MERGED from [com.github.dkzwm.SmoothRefreshLayout:ext-horizontal:1.6.2] AndroidManifest.xml:12:5-20
MERGED from [com.github.dkzwm.SmoothRefreshLayout:ext-horizontal:1.6.2] AndroidManifest.xml:12:5-20
MERGED from [io.card:android-sdk:5.4.2] AndroidManifest.xml:19:5-24:19
MERGED from [io.card:android-sdk:5.4.2] AndroidManifest.xml:19:5-24:19
	android:screenOrientation
		ADDED from src\main\AndroidManifest.xml:23:9-45
	android:appComponentFactory
		ADDED from [com.android.support:support-compat:28.0.0] AndroidManifest.xml:22:18-91
	android:supportsRtl
		ADDED from [com.lai.weavey:loadinglayout:1.3.1] AndroidManifest.xml:14:9-35
	android:label
		ADDED from src\main\AndroidManifest.xml:21:9-41
	android:roundIcon
		ADDED from [:xjgarsdklibrary:] AndroidManifest.xml:34:9-54
	android:configChanges
		ADDED from src\main\AndroidManifest.xml:19:9-59
	android:largeHeap
		ADDED from src\main\AndroidManifest.xml:22:9-33
	android:icon
		ADDED from src\main\AndroidManifest.xml:20:9-43
		REJECTED from [:xjgarsdklibrary:] AndroidManifest.xml:33:9-43
	android:allowBackup
		ADDED from src\main\AndroidManifest.xml:18:9-35
	android:theme
		ADDED from src\main\AndroidManifest.xml:24:9-40
		REJECTED from [:xjgarsdklibrary:] AndroidManifest.xml:36:9-40
	tools:replace
		ADDED from src\main\AndroidManifest.xml:25:9-35
	android:name
		ADDED from src\main\AndroidManifest.xml:17:9-74
service#com.net.yuesejiaoyou.classroot.interface4.util.PlayerMusicService
ADDED from src\main\AndroidManifest.xml:27:9-30:39
	android:enabled
		ADDED from src\main\AndroidManifest.xml:29:13-35
	android:exported
		ADDED from src\main\AndroidManifest.xml:30:13-36
	android:name
		ADDED from src\main\AndroidManifest.xml:28:13-93
activity#com.net.yuesejiaoyou.redirect.ResolverA.uiface.LoginActivity
ADDED from src\main\AndroidManifest.xml:37:9-57:20
	android:screenOrientation
		ADDED from src\main\AndroidManifest.xml:41:13-49
	android:label
		ADDED from src\main\AndroidManifest.xml:39:13-45
	android:launchMode
		ADDED from src\main\AndroidManifest.xml:40:13-43
	android:theme
		ADDED from src\main\AndroidManifest.xml:42:13-47
	android:name
		ADDED from src\main\AndroidManifest.xml:38:13-88
intent-filter#android.intent.action.MAIN+android.intent.category.LAUNCHER
ADDED from src\main\AndroidManifest.xml:44:13-47:29
action#android.intent.action.MAIN
ADDED from src\main\AndroidManifest.xml:45:17-69
	android:name
		ADDED from src\main\AndroidManifest.xml:45:25-66
category#android.intent.category.LAUNCHER
ADDED from src\main\AndroidManifest.xml:46:17-77
	android:name
		ADDED from src\main\AndroidManifest.xml:46:27-74
intent-filter#android.intent.action.VIEW+android.intent.category.BROWSABLE+android.intent.category.DEFAULT
ADDED from src\main\AndroidManifest.xml:49:13-56:29
action#android.intent.action.VIEW
ADDED from src\main\AndroidManifest.xml:50:17-69
	android:name
		ADDED from src\main\AndroidManifest.xml:50:25-66
category#android.intent.category.DEFAULT
ADDED from src\main\AndroidManifest.xml:52:17-76
	android:name
		ADDED from src\main\AndroidManifest.xml:52:27-73
category#android.intent.category.BROWSABLE
ADDED from src\main\AndroidManifest.xml:53:17-78
	android:name
		ADDED from src\main\AndroidManifest.xml:53:27-75
data
ADDED from src\main\AndroidManifest.xml:55:17-49
	android:scheme
		ADDED from src\main\AndroidManifest.xml:55:23-46
activity#com.net.yuesejiaoyou.redirect.ResolverA.uiface.MainActivity
ADDED from src\main\AndroidManifest.xml:58:9-62:47
	android:screenOrientation
		ADDED from src\main\AndroidManifest.xml:61:13-49
	android:launchMode
		ADDED from src\main\AndroidManifest.xml:60:13-44
	android:theme
		ADDED from src\main\AndroidManifest.xml:62:13-44
	android:name
		ADDED from src\main\AndroidManifest.xml:59:13-87
activity#com.yalantis.ucrop.UCropActivity
ADDED from src\main\AndroidManifest.xml:63:9-66:66
	android:screenOrientation
		ADDED from src\main\AndroidManifest.xml:65:13-49
	android:theme
		ADDED from src\main\AndroidManifest.xml:66:13-63
	android:name
		ADDED from src\main\AndroidManifest.xml:64:13-60
activity#com.net.yuesejiaoyou.redirect.ResolverA.uiface.WelcomeGuideActivity
ADDED from src\main\AndroidManifest.xml:68:9-70:52
	android:screenOrientation
		ADDED from src\main\AndroidManifest.xml:70:13-49
	android:name
		ADDED from src\main\AndroidManifest.xml:69:13-95
activity#com.net.yuesejiaoyou.redirect.ResolverA.uiface.bengkui_01066
ADDED from src\main\AndroidManifest.xml:72:9-74:52
	android:screenOrientation
		ADDED from src\main\AndroidManifest.xml:74:13-49
	android:name
		ADDED from src\main\AndroidManifest.xml:73:13-88
activity#com.net.yuesejiaoyou.redirect.ResolverB.uiface.tuichu
ADDED from src\main\AndroidManifest.xml:77:9-79:52
	android:screenOrientation
		ADDED from src\main\AndroidManifest.xml:79:13-49
	android:name
		ADDED from src\main\AndroidManifest.xml:78:13-81
activity#com.net.yuesejiaoyou.redirect.ResolverB.uiface.tuichu1
ADDED from src\main\AndroidManifest.xml:80:9-82:52
	android:screenOrientation
		ADDED from src\main\AndroidManifest.xml:82:13-49
	android:name
		ADDED from src\main\AndroidManifest.xml:81:13-82
activity#com.net.yuesejiaoyou.redirect.ResolverA.uiface.Userinfo
ADDED from src\main\AndroidManifest.xml:85:9-88:47
	android:screenOrientation
		ADDED from src\main\AndroidManifest.xml:87:13-49
	android:theme
		ADDED from src\main\AndroidManifest.xml:88:13-44
	android:name
		ADDED from src\main\AndroidManifest.xml:86:13-83
activity#com.net.yuesejiaoyou.redirect.ResolverA.uiface.Vchat_register_01162
ADDED from src\main\AndroidManifest.xml:91:9-96:15
	android:screenOrientation
		ADDED from src\main\AndroidManifest.xml:93:13-49
	android:windowSoftInputMode
		ADDED from src\main\AndroidManifest.xml:94:13-64
	android:name
		ADDED from src\main\AndroidManifest.xml:92:13-95
activity#com.net.yuesejiaoyou.redirect.ResolverA.uiface.PhoneLoginActivity
ADDED from src\main\AndroidManifest.xml:97:9-102:15
	android:screenOrientation
		ADDED from src\main\AndroidManifest.xml:99:13-49
	android:windowSoftInputMode
		ADDED from src\main\AndroidManifest.xml:100:13-64
	android:name
		ADDED from src\main\AndroidManifest.xml:98:13-93
activity#com.net.yuesejiaoyou.redirect.ResolverA.uiface.Vchat_forget1_01162
ADDED from src\main\AndroidManifest.xml:105:9-107:67
	android:windowSoftInputMode
		ADDED from src\main\AndroidManifest.xml:107:13-64
	android:name
		ADDED from src\main\AndroidManifest.xml:106:13-94
activity#com.net.yuesejiaoyou.redirect.ResolverA.uiface.Vchat_forget2_01162
ADDED from src\main\AndroidManifest.xml:110:9-115:15
	android:screenOrientation
		ADDED from src\main\AndroidManifest.xml:112:13-49
	android:windowSoftInputMode
		ADDED from src\main\AndroidManifest.xml:113:13-64
	android:name
		ADDED from src\main\AndroidManifest.xml:111:13-94
activity#com.net.yuesejiaoyou.redirect.ResolverA.uiface.AgreementActivity
ADDED from src\main\AndroidManifest.xml:116:9-121:15
	android:screenOrientation
		ADDED from src\main\AndroidManifest.xml:118:13-49
	android:windowSoftInputMode
		ADDED from src\main\AndroidManifest.xml:119:13-64
	android:name
		ADDED from src\main\AndroidManifest.xml:117:13-92
activity#com.net.yuesejiaoyou.redirect.ResolverA.uiface.Gonglue_01162
ADDED from src\main\AndroidManifest.xml:123:9-128:15
	android:screenOrientation
		ADDED from src\main\AndroidManifest.xml:125:13-49
	android:windowSoftInputMode
		ADDED from src\main\AndroidManifest.xml:126:13-64
	android:name
		ADDED from src\main\AndroidManifest.xml:124:13-88
activity#com.net.yuesejiaoyou.redirect.ResolverA.uiface.Videochat_agreement_01162
ADDED from src\main\AndroidManifest.xml:129:9-134:15
	android:screenOrientation
		ADDED from src\main\AndroidManifest.xml:131:13-49
	android:windowSoftInputMode
		ADDED from src\main\AndroidManifest.xml:132:13-64
	android:name
		ADDED from src\main\AndroidManifest.xml:130:13-100
activity#com.net.yuesejiaoyou.redirect.ResolverA.uiface.Vliao_yijianfankui_01168
ADDED from src\main\AndroidManifest.xml:135:9-137:52
	android:screenOrientation
		ADDED from src\main\AndroidManifest.xml:137:13-49
	android:name
		ADDED from src\main\AndroidManifest.xml:136:13-99
activity#com.net.yuesejiaoyou.classroot.interface4.openfire.uiface.ChatActivity
ADDED from src\main\AndroidManifest.xml:140:9-143:47
	android:screenOrientation
		ADDED from src\main\AndroidManifest.xml:142:13-49
	android:theme
		ADDED from src\main\AndroidManifest.xml:143:13-44
	android:name
		ADDED from src\main\AndroidManifest.xml:141:13-98
activity#com.net.yuesejiaoyou.classroot.interface4.openfire.uiface.ChatActivity_KF
ADDED from src\main\AndroidManifest.xml:144:9-147:47
	android:screenOrientation
		ADDED from src\main\AndroidManifest.xml:146:13-49
	android:theme
		ADDED from src\main\AndroidManifest.xml:147:13-44
	android:name
		ADDED from src\main\AndroidManifest.xml:145:13-101
activity#com.mob.tools.MobUIShell
ADDED from src\main\AndroidManifest.xml:149:9-178:20
	android:screenOrientation
		ADDED from src\main\AndroidManifest.xml:152:13-49
	android:windowSoftInputMode
		ADDED from src\main\AndroidManifest.xml:154:13-67
	android:configChanges
		ADDED from src\main\AndroidManifest.xml:151:13-74
	android:theme
		ADDED from src\main\AndroidManifest.xml:153:13-72
	android:name
		ADDED from src\main\AndroidManifest.xml:150:13-52
intent-filter#android.intent.category.DEFAULT+com.sina.weibo.sdk.action.ACTION_SDK_REQ_ACTIVITY
ADDED from src\main\AndroidManifest.xml:164:13-167:29
action#com.sina.weibo.sdk.action.ACTION_SDK_REQ_ACTIVITY
ADDED from src\main\AndroidManifest.xml:165:17-92
	android:name
		ADDED from src\main\AndroidManifest.xml:165:25-89
meta-data#Mob-AppKey
ADDED from src\main\AndroidManifest.xml:180:9-182:45
	android:value
		ADDED from src\main\AndroidManifest.xml:182:13-42
	android:name
		ADDED from src\main\AndroidManifest.xml:181:13-38
meta-data#Mob-AppSecret
ADDED from src\main\AndroidManifest.xml:183:9-185:64
	android:value
		ADDED from src\main\AndroidManifest.xml:185:13-61
	android:name
		ADDED from src\main\AndroidManifest.xml:184:13-41
activity#com.net.yuesejiaoyou.redirect.ResolverD.interface4.wxapi.WXEntryActivity
ADDED from src\main\AndroidManifest.xml:187:9-190:46
	android:launchMode
		ADDED from src\main\AndroidManifest.xml:190:13-43
	android:exported
		ADDED from src\main\AndroidManifest.xml:189:13-36
	android:name
		ADDED from src\main\AndroidManifest.xml:188:13-100
activity#com.net.yuesejiaoyou.redirect.ResolverD.interface4.wxapi.WXPayEntryActivity
ADDED from src\main\AndroidManifest.xml:191:9-194:46
	android:launchMode
		ADDED from src\main\AndroidManifest.xml:194:13-43
	android:exported
		ADDED from src\main\AndroidManifest.xml:193:13-36
	android:name
		ADDED from src\main\AndroidManifest.xml:192:13-103
activity#com.alipay.sdk.app.H5PayActivity
ADDED from src\main\AndroidManifest.xml:195:9-200:70
	android:screenOrientation
		ADDED from src\main\AndroidManifest.xml:199:13-47
	android:windowSoftInputMode
		ADDED from src\main\AndroidManifest.xml:200:13-67
	android:exported
		ADDED from src\main\AndroidManifest.xml:198:13-37
	android:configChanges
		ADDED from src\main\AndroidManifest.xml:197:13-85
	android:name
		ADDED from src\main\AndroidManifest.xml:196:13-60
activity#com.alipay.sdk.app.H5AuthActivity
ADDED from src\main\AndroidManifest.xml:201:9-206:70
	android:screenOrientation
		ADDED from src\main\AndroidManifest.xml:205:13-47
	android:windowSoftInputMode
		ADDED from src\main\AndroidManifest.xml:206:13-67
	android:exported
		ADDED from src\main\AndroidManifest.xml:204:13-37
	android:configChanges
		ADDED from src\main\AndroidManifest.xml:203:13-74
	android:name
		ADDED from src\main\AndroidManifest.xml:202:13-61
activity#com.net.yuesejiaoyou.redirect.ResolverA.uiface.Anchor_guide_01162
ADDED from src\main\AndroidManifest.xml:208:9-210:52
	android:screenOrientation
		ADDED from src\main\AndroidManifest.xml:210:13-49
	android:name
		ADDED from src\main\AndroidManifest.xml:209:13-93
activity#com.net.yuesejiaoyou.classroot.interface4.openfire.uiface.ImgPageActivity
ADDED from src\main\AndroidManifest.xml:211:9-213:52
	android:screenOrientation
		ADDED from src\main\AndroidManifest.xml:213:13-49
	android:name
		ADDED from src\main\AndroidManifest.xml:212:13-101
activity#com.net.yuesejiaoyou.redirect.ResolverD.uiface.Chongzhi_01178
ADDED from src\main\AndroidManifest.xml:214:9-216:52
	android:screenOrientation
		ADDED from src\main\AndroidManifest.xml:216:13-49
	android:name
		ADDED from src\main\AndroidManifest.xml:215:13-89
activity#com.net.yuesejiaoyou.redirect.ResolverA.uiface.Activity_web_01162
ADDED from src\main\AndroidManifest.xml:217:9-219:52
	android:screenOrientation
		ADDED from src\main\AndroidManifest.xml:219:13-49
	android:name
		ADDED from src\main\AndroidManifest.xml:218:13-93
activity#com.net.yuesejiaoyou.redirect.ResolverA.uiface.yaoqingfensi_01152
ADDED from src\main\AndroidManifest.xml:220:9-222:52
	android:screenOrientation
		ADDED from src\main\AndroidManifest.xml:222:13-49
	android:name
		ADDED from src\main\AndroidManifest.xml:221:13-93
activity#com.net.yuesejiaoyou.redirect.ResolverA.uiface.help_center_01152
ADDED from src\main\AndroidManifest.xml:223:9-225:52
	android:screenOrientation
		ADDED from src\main\AndroidManifest.xml:225:13-49
	android:name
		ADDED from src\main\AndroidManifest.xml:224:13-92
activity#com.net.yuesejiaoyou.redirect.ResolverA.uiface.bengkui_01152
ADDED from src\main\AndroidManifest.xml:226:9-228:61
	android:screenOrientation
		ADDED from src\main\AndroidManifest.xml:228:13-49
	android:name
		ADDED from src\main\AndroidManifest.xml:227:13-88
activity#com.net.yuesejiaoyou.redirect.ResolverA.uiface.HooliganActivity
ADDED from src\main\AndroidManifest.xml:229:9-231:52
	android:screenOrientation
		ADDED from src\main\AndroidManifest.xml:231:13-49
	android:name
		ADDED from src\main\AndroidManifest.xml:230:13-91
activity#com.net.yuesejiaoyou.redirect.ResolverA.uiface.DownloadActivityApk
ADDED from src\main\AndroidManifest.xml:233:9-235:52
	android:screenOrientation
		ADDED from src\main\AndroidManifest.xml:235:13-49
	android:name
		ADDED from src\main\AndroidManifest.xml:234:13-94
activity#com.net.yuesejiaoyou.redirect.ResolverB.uiface.UploadVideo_01158
ADDED from src\main\AndroidManifest.xml:238:9-240:52
	android:screenOrientation
		ADDED from src\main\AndroidManifest.xml:240:13-49
	android:name
		ADDED from src\main\AndroidManifest.xml:239:13-92
activity#com.net.yuesejiaoyou.redirect.ResolverB.uiface.VideoPlay_01066
ADDED from src\main\AndroidManifest.xml:241:9-243:52
	android:screenOrientation
		ADDED from src\main\AndroidManifest.xml:243:13-49
	android:name
		ADDED from src\main\AndroidManifest.xml:242:13-90
activity#com.net.yuesejiaoyou.redirect.ResolverB.uiface.VideoPlayPrivate_01066
ADDED from src\main\AndroidManifest.xml:244:9-246:52
	android:screenOrientation
		ADDED from src\main\AndroidManifest.xml:246:13-49
	android:name
		ADDED from src\main\AndroidManifest.xml:245:13-97
activity#com.net.yuesejiaoyou.redirect.ResolverB.uiface.User_level_01165
ADDED from src\main\AndroidManifest.xml:247:9-249:52
	android:screenOrientation
		ADDED from src\main\AndroidManifest.xml:249:13-49
	android:name
		ADDED from src\main\AndroidManifest.xml:248:13-91
activity#com.net.yuesejiaoyou.redirect.ResolverB.uiface.MeiyanSet
ADDED from src\main\AndroidManifest.xml:250:9-252:52
	android:screenOrientation
		ADDED from src\main\AndroidManifest.xml:252:13-49
	android:name
		ADDED from src\main\AndroidManifest.xml:251:13-84
activity#com.net.yuesejiaoyou.redirect.ResolverB.uiface.MassChat_01160
ADDED from src\main\AndroidManifest.xml:253:9-255:52
	android:screenOrientation
		ADDED from src\main\AndroidManifest.xml:255:13-49
	android:name
		ADDED from src\main\AndroidManifest.xml:254:13-89
activity#com.net.yuesejiaoyou.redirect.ResolverB.uiface.MyVideo_158
ADDED from src\main\AndroidManifest.xml:256:9-258:52
	android:screenOrientation
		ADDED from src\main\AndroidManifest.xml:258:13-49
	android:name
		ADDED from src\main\AndroidManifest.xml:257:13-86
activity#com.net.yuesejiaoyou.redirect.ResolverB.uiface.guke
ADDED from src\main\AndroidManifest.xml:259:9-261:52
	android:screenOrientation
		ADDED from src\main\AndroidManifest.xml:261:13-49
	android:name
		ADDED from src\main\AndroidManifest.xml:260:13-79
activity#com.net.yuesejiaoyou.redirect.ResolverB.uiface.zhubo
ADDED from src\main\AndroidManifest.xml:262:9-264:52
	android:screenOrientation
		ADDED from src\main\AndroidManifest.xml:264:13-49
	android:name
		ADDED from src\main\AndroidManifest.xml:263:13-80
activity#com.net.yuesejiaoyou.redirect.ResolverB.interface4.agora.zhubo.ZhuboActivity
ADDED from src\main\AndroidManifest.xml:265:9-269:52
	android:screenOrientation
		ADDED from src\main\AndroidManifest.xml:269:13-49
	android:excludeFromRecents
		ADDED from src\main\AndroidManifest.xml:267:13-46
	android:launchMode
		ADDED from src\main\AndroidManifest.xml:268:13-44
	android:name
		ADDED from src\main\AndroidManifest.xml:266:13-104
activity#com.net.yuesejiaoyou.redirect.ResolverB.interface4.agora.guke.GukeActivity
ADDED from src\main\AndroidManifest.xml:270:9-274:52
	android:screenOrientation
		ADDED from src\main\AndroidManifest.xml:274:13-49
	android:excludeFromRecents
		ADDED from src\main\AndroidManifest.xml:272:13-46
	android:launchMode
		ADDED from src\main\AndroidManifest.xml:273:13-44
	android:name
		ADDED from src\main\AndroidManifest.xml:271:13-102
activity#com.net.yuesejiaoyou.redirect.ResolverB.uiface.VideoChatViewActivity_zhubo
ADDED from src\main\AndroidManifest.xml:275:9-278:52
	android:screenOrientation
		ADDED from src\main\AndroidManifest.xml:278:13-49
	android:hardwareAccelerated
		ADDED from src\main\AndroidManifest.xml:277:13-47
	android:name
		ADDED from src\main\AndroidManifest.xml:276:13-102
activity#com.net.yuesejiaoyou.redirect.ResolverB.uiface.VideoChatViewActivity
ADDED from src\main\AndroidManifest.xml:279:9-282:52
	android:screenOrientation
		ADDED from src\main\AndroidManifest.xml:282:13-49
	android:hardwareAccelerated
		ADDED from src\main\AndroidManifest.xml:281:13-47
	android:name
		ADDED from src\main\AndroidManifest.xml:280:13-96
activity#com.net.yuesejiaoyou.redirect.ResolverB.uiface.AgoraRtcActivity_zhubo
ADDED from src\main\AndroidManifest.xml:283:9-286:52
	android:screenOrientation
		ADDED from src\main\AndroidManifest.xml:286:13-49
	android:hardwareAccelerated
		ADDED from src\main\AndroidManifest.xml:285:13-47
	android:name
		ADDED from src\main\AndroidManifest.xml:284:13-97
activity#com.net.yuesejiaoyou.redirect.ResolverB.uiface.AgoraRtcActivity
ADDED from src\main\AndroidManifest.xml:287:9-290:52
	android:screenOrientation
		ADDED from src\main\AndroidManifest.xml:290:13-49
	android:hardwareAccelerated
		ADDED from src\main\AndroidManifest.xml:289:13-47
	android:name
		ADDED from src\main\AndroidManifest.xml:288:13-91
activity#com.net.yuesejiaoyou.redirect.ResolverB.uiface.NoSkinActivity
ADDED from src\main\AndroidManifest.xml:291:9-293:52
	android:screenOrientation
		ADDED from src\main\AndroidManifest.xml:293:13-49
	android:name
		ADDED from src\main\AndroidManifest.xml:292:13-89
activity#com.net.yuesejiaoyou.redirect.ResolverA.uiface.SearchDv_01160
ADDED from src\main\AndroidManifest.xml:294:9-296:52
	android:screenOrientation
		ADDED from src\main\AndroidManifest.xml:296:13-49
	android:name
		ADDED from src\main\AndroidManifest.xml:295:13-89
activity#com.net.yuesejiaoyou.redirect.ResolverB.uiface.guke_01160
ADDED from src\main\AndroidManifest.xml:297:9-299:52
	android:screenOrientation
		ADDED from src\main\AndroidManifest.xml:299:13-49
	android:name
		ADDED from src\main\AndroidManifest.xml:298:13-85
activity#com.net.yuesejiaoyou.redirect.ResolverB.uiface.zhubo_01160
ADDED from src\main\AndroidManifest.xml:300:9-302:52
	android:screenOrientation
		ADDED from src\main\AndroidManifest.xml:302:13-49
	android:name
		ADDED from src\main\AndroidManifest.xml:301:13-86
activity#com.net.yuesejiaoyou.redirect.ResolverB.uiface.ActivityUploadVideo
ADDED from src\main\AndroidManifest.xml:404:9-406:61
	android:screenOrientation
		ADDED from src\main\AndroidManifest.xml:406:13-49
	android:name
		ADDED from src\main\AndroidManifest.xml:405:13-94
activity#com.net.yuesejiaoyou.redirect.ResolverB.uiface.ActivityUploadVideo_FF
ADDED from src\main\AndroidManifest.xml:407:9-409:61
	android:screenOrientation
		ADDED from src\main\AndroidManifest.xml:409:13-49
	android:name
		ADDED from src\main\AndroidManifest.xml:408:13-97
activity#com.net.yuesejiaoyou.redirect.ResolverB.uiface.ActivityUploadVideo_01160
ADDED from src\main\AndroidManifest.xml:410:9-412:61
	android:screenOrientation
		ADDED from src\main\AndroidManifest.xml:412:13-49
	android:name
		ADDED from src\main\AndroidManifest.xml:411:13-100
activity#com.net.yuesejiaoyou.redirect.ResolverC.uiface.Mytag_01162
ADDED from src\main\AndroidManifest.xml:428:9-430:52